Using pre-set license
Built from '2020.3/staging' branch; Version is '2020.3.26f1 (7298b473bc1a) revision 7510196'; Using compiler version '192528614'; Build Type 'Release'
OS: 'Windows 10  (10.0.19044) 64bit Professional' Language: 'ja' Physical Memory: 16313 MB
BatchMode: 1, IsHumanControllingUs: 0, StartBugReporterOnCrash: 0, Is64bit: 1, IsPro: 0

COMMAND LINE ARGUMENTS:
C:\Program Files\Unity\Hub\Editor\2020.3.26f1\Editor\Unity.exe
-adb2
-batchMode
-noUpm
-name
AssetImportWorker0
-projectPath
C:/Users/student/Desktop/sotugyou/seisaku
-logFile
Logs/AssetImportWorker0.log
-srvPort
49958
Successfully changed project path to: C:/Users/student/Desktop/sotugyou/seisaku
C:/Users/student/Desktop/sotugyou/seisaku
Using Asset Import Pipeline V2.
Refreshing native plugins compatible for Editor in 32.73 ms, found 3 plugins.
Preloading 0 native plugins for Editor in 0.00 ms.
Initialize engine version: 2020.3.26f1 (7298b473bc1a)
[Subsystems] Discovering subsystems at path C:/Program Files/Unity/Hub/Editor/2020.3.26f1/Editor/Data/Resources/UnitySubsystems
[Subsystems] Discovering subsystems at path C:/Users/student/Desktop/sotugyou/seisaku/Assets
GfxDevice: creating device client; threaded=0
Direct3D:
    Version:  Direct3D 11.0 [level 11.1]
    Renderer: NVIDIA GeForce GTX 1660 SUPER (ID=0x21c4)
    Vendor:   
    VRAM:     5991 MB
    Driver:   27.21.14.5751
Initialize mono
Mono path[0] = 'C:/Program Files/Unity/Hub/Editor/2020.3.26f1/Editor/Data/Managed'
Mono path[1] = 'C:/Program Files/Unity/Hub/Editor/2020.3.26f1/Editor/Data/MonoBleedingEdge/lib/mono/unityjit'
Mono config path = 'C:/Program Files/Unity/Hub/Editor/2020.3.26f1/Editor/Data/MonoBleedingEdge/etc'
Using monoOptions --debugger-agent=transport=dt_socket,embedding=1,server=y,suspend=n,address=127.0.0.1:56960
Begin MonoManager ReloadAssembly
Registering precompiled unity dll's ...
Register platform support module: C:/Program Files/Unity/Hub/Editor/2020.3.26f1/Editor/Data/PlaybackEngines/WebGLSupport/UnityEditor.WebGL.Extensions.dll
Register platform support module: C:/Program Files/Unity/Hub/Editor/2020.3.26f1/Editor/Data/PlaybackEngines/WindowsStandaloneSupport/UnityEditor.WindowsStandalone.Extensions.dll
Registered in 0.001959 seconds.
Native extension for WindowsStandalone target not found
Native extension for WebGL target not found
Refreshing native plugins compatible for Editor in 32.30 ms, found 3 plugins.
Preloading 0 native plugins for Editor in 0.00 ms.
Mono: successfully reloaded assembly
- Completed reload, in  0.433 seconds
Domain Reload Profiling:
	ReloadAssembly (433ms)
		BeginReloadAssembly (42ms)
			ExecutionOrderSort (0ms)
			DisableScriptedObjects (0ms)
			BackupInstance (0ms)
			ReleaseScriptingObjects (0ms)
			CreateAndSetChildDomain (1ms)
		EndReloadAssembly (335ms)
			LoadAssemblies (40ms)
			RebuildTransferFunctionScriptingTraits (0ms)
			SetupTypeCache (113ms)
			ReleaseScriptCaches (0ms)
			RebuildScriptCaches (22ms)
			SetupLoadedEditorAssemblies (123ms)
				LogAssemblyErrors (0ms)
				InitializePlatformSupportModulesInManaged (4ms)
				SetLoadedEditorAssemblies (0ms)
				RefreshPlugins (32ms)
				BeforeProcessingInitializeOnLoad (6ms)
				ProcessInitializeOnLoadAttributes (60ms)
				ProcessInitializeOnLoadMethodAttributes (20ms)
				AfterProcessingInitializeOnLoad (0ms)
				EditorAssembliesLoaded (0ms)
			ExecutionOrderSort2 (0ms)
			AwakeInstancesAfterBackupRestoration (0ms)
Platform modules already initialized, skipping
Registering precompiled user dll's ...
Registered in 0.003584 seconds.
Begin MonoManager ReloadAssembly
Native extension for WindowsStandalone target not found
Native extension for WebGL target not found
Refreshing native plugins compatible for Editor in 32.46 ms, found 3 plugins.
Preloading 0 native plugins for Editor in 0.00 ms.
Mono: successfully reloaded assembly
- Completed reload, in  0.838 seconds
Domain Reload Profiling:
	ReloadAssembly (839ms)
		BeginReloadAssembly (109ms)
			ExecutionOrderSort (0ms)
			DisableScriptedObjects (4ms)
			BackupInstance (0ms)
			ReleaseScriptingObjects (0ms)
			CreateAndSetChildDomain (12ms)
		EndReloadAssembly (682ms)
			LoadAssemblies (69ms)
			RebuildTransferFunctionScriptingTraits (0ms)
			SetupTypeCache (233ms)
			ReleaseScriptCaches (0ms)
			RebuildScriptCaches (36ms)
			SetupLoadedEditorAssemblies (249ms)
				LogAssemblyErrors (0ms)
				InitializePlatformSupportModulesInManaged (3ms)
				SetLoadedEditorAssemblies (0ms)
				RefreshPlugins (33ms)
				BeforeProcessingInitializeOnLoad (53ms)
				ProcessInitializeOnLoadAttributes (142ms)
				ProcessInitializeOnLoadMethodAttributes (12ms)
				AfterProcessingInitializeOnLoad (6ms)
				EditorAssembliesLoaded (0ms)
			ExecutionOrderSort2 (0ms)
			AwakeInstancesAfterBackupRestoration (5ms)
Platform modules already initialized, skipping
========================================================================
Worker process is ready to serve import requests
Launched and connected shader compiler UnityShaderCompiler.exe after 0.03 seconds
Refreshing native plugins compatible for Editor in 0.38 ms, found 3 plugins.
Preloading 0 native plugins for Editor in 0.00 ms.
Unloading 2161 Unused Serialized files (Serialized files now loaded: 0)
System memory in use before: 95.1 MB.
System memory in use after: 95.2 MB.

Unloading 27 unused Assets to reduce memory usage. Loaded Objects now: 2596.
Total: 2.201300 ms (FindLiveObjects: 0.141500 ms CreateObjectMapping: 0.078500 ms MarkObjects: 1.942200 ms  DeleteObjects: 0.038500 ms)

AssetImportParameters requested are different than current active one (requested -> active):
  custom:framework-win-MediaFoundation: 216162199b28c13a410421893ffa2e32 -> 
  custom:video-decoder-ogg-theora: a1e56fd34408186e4bbccfd4996cb3dc -> 
  custom:container-muxer-webm: aa71ff27fc2769a1b78a27578f13a17b -> 
  custom:container-demuxer-webm: 4f35f7cbe854078d1ac9338744f61a02 -> 
  custom:container-demuxer-ogg: 62fdf1f143b41e24485cea50d1cbac27 -> 
  custom:video-encoder-webm-vp8: eb34c28f22e8b96e1ab97ce403110664 -> 
  custom:video-codec-MediaFoundation-h265: 746d11721c4dcdbdad8f713fa42b33f4 -> 
  custom:video-decoder-webm-vp8: 9c59270c3fd7afecdb556c50c9e8de78 -> 
  custom:audio-decoder-ogg-vorbis: bf7c407c2cedff20999df2af8eb42d56 -> 
  custom:audio-encoder-webm-vorbis: bf7c407c2cedff20999df2af8eb42d56 -> 
========================================================================
Received Import Request.
  path: Assets/t_Tama/Launching_business/Launching_business.unity
  artifactKey: Guid(78b52de5a13be6f428ac8b38f55f0b19) Importer(815301076,1909f56bfc062723c751e8b465ee728b)
Start importing Assets/t_Tama/Launching_business/Launching_business.unity using Guid(78b52de5a13be6f428ac8b38f55f0b19) Importer(815301076,1909f56bfc062723c751e8b465ee728b)  -> (artifact id: '633e190c46ee3dd5badbf7323f4b76e9') in 0.008840 seconds 
  Import took 0.011093 seconds .

========================================================================
Received Import Request.
  Time since last request: 0.000256 seconds.
  path: Assets/t_Tama/Launching_business
  artifactKey: Guid(282360da7ee8e7240bf137fdbed52e14) Importer(815301076,1909f56bfc062723c751e8b465ee728b)
Start importing Assets/t_Tama/Launching_business using Guid(282360da7ee8e7240bf137fdbed52e14) Importer(815301076,1909f56bfc062723c751e8b465ee728b)  -> (artifact id: '0934f758808a210db2756d911fd7d232') in 0.001192 seconds 
  Import took 0.003220 seconds .

========================================================================
Received Import Request.
  Time since last request: 4.932207 seconds.
  path: Assets/t_Tama/Launching_business/Lbscript
  artifactKey: Guid(7ef8177bc34e54d4097f358fce179576) Importer(815301076,1909f56bfc062723c751e8b465ee728b)
Start importing Assets/t_Tama/Launching_business/Lbscript using Guid(7ef8177bc34e54d4097f358fce179576) Importer(815301076,1909f56bfc062723c751e8b465ee728b)  -> (artifact id: '9e3d2d81026c7b77aa47b02b415ce1c2') in 0.002043 seconds 
  Import took 0.005496 seconds .

========================================================================
Received Import Request.
  Time since last request: 0.854392 seconds.
  path: Assets/t_Tama/Launching_business/Lbimage
  artifactKey: Guid(aedd9740293d64245a11650fb3ed61af) Importer(815301076,1909f56bfc062723c751e8b465ee728b)
Start importing Assets/t_Tama/Launching_business/Lbimage using Guid(aedd9740293d64245a11650fb3ed61af) Importer(815301076,1909f56bfc062723c751e8b465ee728b)  -> (artifact id: 'f86b802bf521abb478a2c50625b794af') in 0.001941 seconds 
  Import took 0.005389 seconds .

========================================================================
Received Import Request.
  Time since last request: 0.104630 seconds.
  path: Assets/t_Tama/Launching_business/Lbimage/Red_flag.png
  artifactKey: Guid(94be48530c14cac40b4b60a1605b9810) Importer(815301076,1909f56bfc062723c751e8b465ee728b)
Start importing Assets/t_Tama/Launching_business/Lbimage/Red_flag.png using Guid(94be48530c14cac40b4b60a1605b9810) Importer(815301076,1909f56bfc062723c751e8b465ee728b)  -> (artifact id: 'fc2c74a844fd2f93c9f77029a4620857') in 0.115129 seconds 
  Import took 0.122024 seconds .

========================================================================
Received Import Request.
  Time since last request: 0.000150 seconds.
  path: Assets/t_Tama/Launching_business/Lbimage/White_flag.png
  artifactKey: Guid(dde5b42b6dc76624ab1dfeb61ef38638) Importer(815301076,1909f56bfc062723c751e8b465ee728b)
Start importing Assets/t_Tama/Launching_business/Lbimage/White_flag.png using Guid(dde5b42b6dc76624ab1dfeb61ef38638) Importer(815301076,1909f56bfc062723c751e8b465ee728b)  -> (artifact id: 'd2e860f1863afb3094fefef5e365a689') in 0.012462 seconds 
  Import took 0.015111 seconds .

========================================================================
Received Import Request.
  Time since last request: 14.694522 seconds.
  path: Assets/t_Tama/Launching_business/Lbimage/めっちゃいい画像.png
  artifactKey: Guid(0fbf31f31fbcba14ab5d6e29186f6615) Importer(815301076,1909f56bfc062723c751e8b465ee728b)
Start importing Assets/t_Tama/Launching_business/Lbimage/めっちゃいい画像.png using Guid(0fbf31f31fbcba14ab5d6e29186f6615) Importer(815301076,1909f56bfc062723c751e8b465ee728b)  -> (artifact id: '269cfc29802ce9e0ec87b88321d2119e') in 0.016828 seconds 
  Import took 0.019438 seconds .

========================================================================
Received Import Request.
  Time since last request: 5.143644 seconds.
  path: Assets/t_Tama/Launching_business/Lbimage/やばい画像.png
  artifactKey: Guid(f68d0405505322148b24e7b281b02ebe) Importer(815301076,1909f56bfc062723c751e8b465ee728b)
Start importing Assets/t_Tama/Launching_business/Lbimage/やばい画像.png using Guid(f68d0405505322148b24e7b281b02ebe) Importer(815301076,1909f56bfc062723c751e8b465ee728b)  -> (artifact id: '4bf758285119640ed0f3876c077756a7') in 0.020197 seconds 
  Import took 0.022764 seconds .

========================================================================
Received Import Request.
  Time since last request: 0.000145 seconds.
  path: Assets/t_Tama/Launching_business/Lbimage/森１.png
  artifactKey: Guid(094324bfdefacc14e9c6e0b962ef55ca) Importer(815301076,1909f56bfc062723c751e8b465ee728b)
Start importing Assets/t_Tama/Launching_business/Lbimage/森１.png using Guid(094324bfdefacc14e9c6e0b962ef55ca) Importer(815301076,1909f56bfc062723c751e8b465ee728b)  -> (artifact id: 'b03df82e0db47799ba58fb77baebc61d') in 0.017326 seconds 
  Import took 0.019623 seconds .

========================================================================
Received Import Request.
  Time since last request: 0.000130 seconds.
  path: Assets/t_Tama/Launching_business/Lbimage/森４.png
  artifactKey: Guid(7ea82e38d6da69a45abd1219389f5998) Importer(815301076,1909f56bfc062723c751e8b465ee728b)
Start importing Assets/t_Tama/Launching_business/Lbimage/森４.png using Guid(7ea82e38d6da69a45abd1219389f5998) Importer(815301076,1909f56bfc062723c751e8b465ee728b)  -> (artifact id: '0f2675e781946237d407ab54b57a1f85') in 0.010660 seconds 
  Import took 0.013006 seconds .

========================================================================
Received Import Request.
  Time since last request: 3.165419 seconds.
  path: Assets/t_Tama/Launching_business/Lbimage/テストイメージ画像.png
  artifactKey: Guid(bf3210cbd241f64428f66ebb668e68e6) Importer(815301076,1909f56bfc062723c751e8b465ee728b)
Start importing Assets/t_Tama/Launching_business/Lbimage/テストイメージ画像.png using Guid(bf3210cbd241f64428f66ebb668e68e6) Importer(815301076,1909f56bfc062723c751e8b465ee728b)  -> (artifact id: '7246c328f2f7ac11da339856b9ccefb8') in 0.015295 seconds 
  Import took 0.017899 seconds .

========================================================================
Received Import Request.
  Time since last request: 0.000133 seconds.
  path: Assets/t_Tama/Launching_business/Lbimage/森３.png
  artifactKey: Guid(872d311699f8fcc4d9fa0e98503b8c3d) Importer(815301076,1909f56bfc062723c751e8b465ee728b)
Start importing Assets/t_Tama/Launching_business/Lbimage/森３.png using Guid(872d311699f8fcc4d9fa0e98503b8c3d) Importer(815301076,1909f56bfc062723c751e8b465ee728b)  -> (artifact id: '721c98be0c602fafa605b6698855cbab') in 0.008470 seconds 
  Import took 0.010885 seconds .

========================================================================
Received Import Request.
  Time since last request: 0.000150 seconds.
  path: Assets/t_Tama/Launching_business/Lbimage/森２.png
  artifactKey: Guid(e58010be41bdbc346be3a299af1de3ff) Importer(815301076,1909f56bfc062723c751e8b465ee728b)
Start importing Assets/t_Tama/Launching_business/Lbimage/森２.png using Guid(e58010be41bdbc346be3a299af1de3ff) Importer(815301076,1909f56bfc062723c751e8b465ee728b)  -> (artifact id: 'cd295ad4f4c2b3ddb13d2fb66f01a0d9') in 0.008412 seconds 
  Import took 0.010856 seconds .

